This file contains any messages produced by compilers while
running configure, to aid debugging if configure makes a mistake.

It was created by entropy configure 1.1, which was
generated by GNU Autoconf 2.68.  Invocation command line was

  $ ./configure CC=h5pcc

## --------- ##
## Platform. ##
## --------- ##

hostname = crcfe02.crc.nd.edu
uname -m = x86_64
uname -r = 3.10.0-514.26.2.el7.x86_64
uname -s = Linux
uname -v = #1 SMP Fri Jun 30 05:26:04 UTC 2017

/usr/bin/uname -p = x86_64
/bin/uname -X     = unknown

/bin/arch              = x86_64
/usr/bin/arch -k       = unknown
/usr/convex/getsysinfo = unknown
/usr/bin/hostinfo      = unknown
/bin/machine           = unknown
/usr/bin/oslevel       = unknown
/bin/universe          = unknown

PATH: /afs/crc.nd.edu/x86_64_linux/g/gsl/1.16/gcc/4.8.5/bin
PATH: /afs/crc.nd.edu/x86_64_linux/intel/15.0/bin
PATH: /afs/crc.nd.edu/x86_64_linux/intel/15.0/mpirt/bin/intel64
PATH: /afs/crc.nd.edu/x86_64_linux/h/hdf5/intel/15.0/1.8.16/build-parallel/bin
PATH: /afs/crc.nd.edu/user/p/plazorch/bin/libgd/bin
PATH: /afs/nd.edu/user37/condor/software/bin
PATH: /afs/crc.nd.edu/user/p/plazorch/reu17/scripts
PATH: /afs/crc.nd.edu/user/p/plazorch/bin
PATH: /opt/sge/bin/lx-amd64
PATH: /afs/crc.nd.edu/user/p/plazorch/perl5/bin
PATH: /opt/crc/usr/local/bin
PATH: /opt/sge/bin/lx-amd64
PATH: /usr/local/bin
PATH: /usr/bin
PATH: /usr/local/sbin
PATH: /usr/sbin
PATH: /afs/nd.edu/user37/condor/software/bin
PATH: /afs/nd.edu/user37/condor/software/sbin
PATH: /afs/nd.edu/user37/condor/software/bin
PATH: /afs/nd.edu/user37/condor/software/sbin
PATH: /afs/crc.nd.edu/user/p/plazorch/bin


## ----------- ##
## Core tests. ##
## ----------- ##

configure:2358: checking for a BSD-compatible install
configure:2426: result: /usr/bin/install -c
configure:2437: checking whether build environment is sane
configure:2487: result: yes
configure:2628: checking for a thread-safe mkdir -p
configure:2667: result: /usr/bin/mkdir -p
configure:2680: checking for gawk
configure:2696: found /usr/bin/gawk
configure:2707: result: gawk
configure:2718: checking whether make sets $(MAKE)
configure:2740: result: yes
configure:2864: checking for style of include used by make
configure:2892: result: GNU
configure:2963: checking for gcc
configure:2990: result: h5pcc
configure:3219: checking for C compiler version
configure:3228: h5pcc --version >&5
/afs/crc.nd.edu/x86_64_linux/h/hdf5/intel/15.0/1.8.16/build-parallel/bin/h5pcc: line 397: mpicc: command not found
configure:3239: $? = 127
configure:3228: h5pcc -v >&5
/afs/crc.nd.edu/x86_64_linux/h/hdf5/intel/15.0/1.8.16/build-parallel/bin/h5pcc: line 397: mpicc: command not found
configure:3239: $? = 127
configure:3228: h5pcc -V >&5
/afs/crc.nd.edu/x86_64_linux/h/hdf5/intel/15.0/1.8.16/build-parallel/bin/h5pcc: line 397: mpicc: command not found
configure:3239: $? = 127
configure:3228: h5pcc -qversion >&5
/afs/crc.nd.edu/x86_64_linux/h/hdf5/intel/15.0/1.8.16/build-parallel/bin/h5pcc: line 397: mpicc: command not found
configure:3239: $? = 127
configure:3259: checking whether the C compiler works
configure:3281: h5pcc    conftest.c  >&5
/afs/crc.nd.edu/x86_64_linux/h/hdf5/intel/15.0/1.8.16/build-parallel/bin/h5pcc: line 320: mpicc: command not found
configure:3285: $? = 127
configure:3323: result: no
configure: failed program was:
| /* confdefs.h */
| #define PACKAGE_NAME "entropy"
| #define PACKAGE_TARNAME "entropy"
| #define PACKAGE_VERSION "1.1"
| #define PACKAGE_STRING "entropy 1.1"
| #define PACKAGE_BUGREPORT ""
| #define PACKAGE_URL ""
| #define PACKAGE "entropy"
| #define VERSION "1.1"
| /* end confdefs.h.  */
| 
| int
| main ()
| {
| 
|   ;
|   return 0;
| }
configure:3328: error: in `/afs/crc.nd.edu/user/p/plazorch/reu17/entropy1.2/entropy_1.2c_source':
configure:3330: error: C compiler cannot create executables
See `config.log' for more details

## ---------------- ##
## Cache variables. ##
## ---------------- ##

ac_cv_env_CCC_set=
ac_cv_env_CCC_value=
ac_cv_env_CC_set=set
ac_cv_env_CC_value=h5pcc
ac_cv_env_CFLAGS_set=
ac_cv_env_CFLAGS_value=
ac_cv_env_CPPFLAGS_set=
ac_cv_env_CPPFLAGS_value=
ac_cv_env_CXXCPP_set=
ac_cv_env_CXXCPP_value=
ac_cv_env_CXXFLAGS_set=
ac_cv_env_CXXFLAGS_value=
ac_cv_env_CXX_set=
ac_cv_env_CXX_value=
ac_cv_env_LDFLAGS_set=
ac_cv_env_LDFLAGS_value=
ac_cv_env_LIBS_set=
ac_cv_env_LIBS_value=
ac_cv_env_build_alias_set=
ac_cv_env_build_alias_value=
ac_cv_env_host_alias_set=
ac_cv_env_host_alias_value=
ac_cv_env_target_alias_set=
ac_cv_env_target_alias_value=
ac_cv_path_install='/usr/bin/install -c'
ac_cv_path_mkdir=/usr/bin/mkdir
ac_cv_prog_AWK=gawk
ac_cv_prog_ac_ct_CC=h5pcc
ac_cv_prog_make_make_set=yes

## ----------------- ##
## Output variables. ##
## ----------------- ##

ACLOCAL='${SHELL} /afs/crc.nd.edu/user/p/plazorch/reu17/entropy1.2/entropy_1.2c_source/missing --run aclocal-1.11'
AMDEPBACKSLASH='\'
AMDEP_FALSE='#'
AMDEP_TRUE=''
AMTAR='$${TAR-tar}'
AUTOCONF='${SHELL} /afs/crc.nd.edu/user/p/plazorch/reu17/entropy1.2/entropy_1.2c_source/missing --run autoconf'
AUTOHEADER='${SHELL} /afs/crc.nd.edu/user/p/plazorch/reu17/entropy1.2/entropy_1.2c_source/missing --run autoheader'
AUTOMAKE='${SHELL} /afs/crc.nd.edu/user/p/plazorch/reu17/entropy1.2/entropy_1.2c_source/missing --run automake-1.11'
AWK='gawk'
CC='h5pcc'
CCDEPMODE=''
CFLAGS=''
CPPFLAGS=''
CXX=''
CXXCPP=''
CXXDEPMODE=''
CXXFLAGS=''
CYGPATH_W='echo'
DEFS=''
DEPDIR='.deps'
ECHO_C=''
ECHO_N='-n'
ECHO_T=''
EGREP=''
EXEEXT=''
GREP=''
GSL_CFLAGS=''
GSL_CONFIG=''
GSL_LIBS=''
INSTALL_DATA='${INSTALL} -m 644'
INSTALL_PROGRAM='${INSTALL}'
INSTALL_SCRIPT='${INSTALL}'
INSTALL_STRIP_PROGRAM='$(install_sh) -c -s'
LDFLAGS=''
LIBOBJS=''
LIBS=''
LTLIBOBJS=''
MAKEINFO='${SHELL} /afs/crc.nd.edu/user/p/plazorch/reu17/entropy1.2/entropy_1.2c_source/missing --run makeinfo'
MKDIR_P='/usr/bin/mkdir -p'
OBJEXT=''
PACKAGE='entropy'
PACKAGE_BUGREPORT=''
PACKAGE_NAME='entropy'
PACKAGE_STRING='entropy 1.1'
PACKAGE_TARNAME='entropy'
PACKAGE_URL=''
PACKAGE_VERSION='1.1'
PATH_SEPARATOR=':'
SET_MAKE=''
SHELL='/bin/sh'
STRIP=''
VERSION='1.1'
ac_ct_CC='h5pcc'
ac_ct_CXX=''
am__EXEEXT_FALSE=''
am__EXEEXT_TRUE=''
am__fastdepCC_FALSE=''
am__fastdepCC_TRUE=''
am__fastdepCXX_FALSE=''
am__fastdepCXX_TRUE=''
am__include='include'
am__isrc=''
am__leading_dot='.'
am__nodep='_no'
am__quote=''
am__tar='$${TAR-tar} chof - "$$tardir"'
am__untar='$${TAR-tar} xf -'
bindir='${exec_prefix}/bin'
build_alias=''
datadir='${datarootdir}'
datarootdir='${prefix}/share'
docdir='${datarootdir}/doc/${PACKAGE_TARNAME}'
dvidir='${docdir}'
exec_prefix='NONE'
host_alias=''
htmldir='${docdir}'
includedir='${prefix}/include'
infodir='${datarootdir}/info'
install_sh='${SHELL} /afs/crc.nd.edu/user/p/plazorch/reu17/entropy1.2/entropy_1.2c_source/install-sh'
libdir='${exec_prefix}/lib'
libexecdir='${exec_prefix}/libexec'
localedir='${datarootdir}/locale'
localstatedir='${prefix}/var'
mandir='${datarootdir}/man'
mkdir_p='/usr/bin/mkdir -p'
oldincludedir='/usr/include'
pdfdir='${docdir}'
prefix='NONE'
program_transform_name='s,x,x,'
psdir='${docdir}'
sbindir='${exec_prefix}/sbin'
sharedstatedir='${prefix}/com'
sysconfdir='${prefix}/etc'
target_alias=''

## ----------- ##
## confdefs.h. ##
## ----------- ##

/* confdefs.h */
#define PACKAGE_NAME "entropy"
#define PACKAGE_TARNAME "entropy"
#define PACKAGE_VERSION "1.1"
#define PACKAGE_STRING "entropy 1.1"
#define PACKAGE_BUGREPORT ""
#define PACKAGE_URL ""
#define PACKAGE "entropy"
#define VERSION "1.1"

configure: exit 77
